
state 0
	$accept: .start $end 

	LBRACE  shift 3
	.  error

	block  goto 2
	start  goto 1

state 1
	$accept:  start.$end 

	$end  accept
	.  error


state 2
	start:  block.    (1)

	.  reduce 1 (src line 21)


state 3
	block:  LBRACE.stmt_list RBRACE 
	stmt_list: .    (4)

	.  reduce 4 (src line 37)

	stmt_list  goto 4

state 4
	block:  LBRACE stmt_list.RBRACE 
	stmt_list:  stmt_list.stmt 

	ID  shift 7
	RBRACE  shift 5
	BLOCK  shift 8
	ERROR  shift 9
	.  error

	stmt  goto 6

state 5
	block:  LBRACE stmt_list RBRACE.    (2)

	.  reduce 2 (src line 27)


state 6
	stmt_list:  stmt_list stmt.    (3)

	.  reduce 3 (src line 33)


state 7
	stmt:  ID.    (5)
	stmt:  ID.PLUS ID 
	stmt:  ID.MINUS ID 

	PLUS  shift 10
	MINUS  shift 11
	.  reduce 5 (src line 42)


state 8
	stmt:  BLOCK.    (8)

	.  reduce 8 (src line 52)


state 9
	stmt:  ERROR.    (9)

	.  reduce 9 (src line 55)


state 10
	stmt:  ID PLUS.ID 

	ID  shift 12
	.  error


state 11
	stmt:  ID MINUS.ID 

	ID  shift 13
	.  error


state 12
	stmt:  ID PLUS ID.    (6)

	.  reduce 6 (src line 46)


state 13
	stmt:  ID MINUS ID.    (7)

	.  reduce 7 (src line 49)


11 terminals, 5 nonterminals
10 grammar rules, 14/8000 states
0 shift/reduce, 0 reduce/reduce conflicts reported
54 working sets used
memory: parser 3/120000
0 extra closures
9 shift entries, 1 exceptions
4 goto entries
0 entries saved by goto default
Optimizer space used: output 13/120000
13 table entries, 0 zero
maximum spread: 10, maximum offset: 7
